[06Jun2026 15:33:41.774] [main/INFO] [net.neoforged.fml.startup.Entrypoint/]: JVM Uptime at startup: 214ms
[06Jun2026 15:33:41.792] [main/INFO] [net.neoforged.fml.loading.FMLLoader/]: Starting FancyModLoader version 11.0.13 (CLIENT in DEV)
[06Jun2026 15:33:41.793] [main/INFO] [net.neoforged.fml.loading.FMLLoader/]: Game directory: C:\Users\owent\Downloads\stuff\evolvedcore-template-26.1.2\run
[06Jun2026 15:33:41.887] [main/INFO] [net.neoforged.fml.loading.EarlyServiceDiscovery/]: Found 2 early service jars (out of 107) in 33ms
[06Jun2026 15:33:41.887] [main/INFO] [net.neoforged.fml.loading.FMLLoader/]: Loading FML Early Services:
[06Jun2026 15:33:41.888] [main/INFO] [net.neoforged.fml.loading.FMLLoader/]:  - C:/Users/owent/.gradle/caches/modules-2/files-2.1/net.neoforged.fancymodloader/earlydisplay/11.0.13/491a1bedecb33802fa118cae384b60f91f6f0241/earlydisplay-11.0.13.jar
[06Jun2026 15:33:41.890] [main/INFO] [net.neoforged.fml.loading.FMLLoader/]:  - C:/Users/owent/.gradle/caches/modules-2/files-2.1/net.neoforged.fancymodloader/loader/11.0.13/c9c89eaf35535990110088224d188748d81eaecf/loader-11.0.13.jar
[06Jun2026 15:33:41.896] [main/INFO] [net.neoforged.fml.loading.ImmediateWindowHandler/]: Loading ImmediateWindowProvider fmlearlywindow
[06Jun2026 15:33:42.611] [ForkJoinPool.commonPool-worker-1/INFO] [net.neoforged.fml.loading.moddiscovery.locators.GameLocator/]: Detected a joined NeoForge and Minecraft configuration. Applying filtering...
[06Jun2026 15:33:42.662] [fml-loadingscreen/INFO] [net.neoforged.fml.earlydisplay.render.LoadingScreenRenderer/]: GL info: AMD Radeon(TM) Graphics GL version 3.3.0 Core Profile Context 22.40.70.230620, ATI Technologies Inc.
[06Jun2026 15:33:42.742] [ForkJoinPool.commonPool-worker-1/INFO] [net.neoforged.fml.loading.moddiscovery.locators.InDevFolderLocator/CORE]: Got mod coordinates evolvedcore%%C:\Users\owent\Downloads\stuff\evolvedcore-template-26.1.2\build\classes\java\main;evolvedcore%%C:\Users\owent\Downloads\stuff\evolvedcore-template-26.1.2\build\resources\main from env
[06Jun2026 15:33:42.989] [ForkJoinPool.commonPool-worker-1/INFO] [net.neoforged.fml.loading.moddiscovery.locators.JarInJarDependencyLocator/]: Found 2 dependencies adding them to mods collection
[06Jun2026 15:33:42.992] [ForkJoinPool.commonPool-worker-1/INFO] [net.neoforged.fml.loading.moddiscovery.ModDiscoverer/]: 
     Mod List:
		Name Version (Mod Id)

		Evolved Core 1.0.0 (evolvedcore)
		Minecraft 26.1.2 (minecraft)
		NeoForge 26.1.2.73 (neoforge)
[06Jun2026 15:33:43.340] [main/INFO] [mixin/]: SpongePowered MIXIN Subsystem Version=0.8.7 Source=file:/C:/Users/owent/.gradle/caches/modules-2/files-2.1/net.fabricmc/sponge-mixin/0.17.3+mixin.0.8.7/41c4a3984a80f4679e759fb9f495587acc5cdac7/sponge-mixin-0.17.3+mixin.0.8.7.jar Service=FML Env=CLIENT
[06Jun2026 15:33:43.396] [main/INFO] [net.neoforged.fml.loading.FMLLoader/]: Loading FML Plugins:
[06Jun2026 15:33:43.397] [main/INFO] [net.neoforged.fml.loading.FMLLoader/]:  - C:/Users/owent/.gradle/caches/modules-2/files-2.1/net.neoforged/neoforge/26.1.2.73/d58040da3199b79094602e379f5ee79d75d38312/neoforge-26.1.2.73-universal.jar > net.neoforged.neoforge-coremods-26.1.2.73.jar
[06Jun2026 15:33:43.533] [main/INFO] [net.neoforged.fml.loading.FMLLoader/]: Building game content classloader:
 - evolvedcore (composite(folder(C:/Users/owent/Downloads/stuff/evolvedcore-template-26.1.2/build/classes/java/main), folder(C:/Users/owent/Downloads/stuff/evolvedcore-template-26.1.2/build/resources/main)))
 - minecraft (composite(filtered(jar(C:/Users/owent/Downloads/stuff/evolvedcore-template-26.1.2/build/moddev/artifacts/minecraft-patched-26.1.2.73.jar)), filtered(jar(C:/Users/owent/Downloads/stuff/evolvedcore-template-26.1.2/build/moddev/artifacts/minecraft-patched-26.1.2.73.jar))))
 - mixinextras.neoforge (jar(C:/Users/owent/.gradle/caches/modules-2/files-2.1/net.neoforged/neoforge/26.1.2.73/d58040da3199b79094602e379f5ee79d75d38312/neoforge-26.1.2.73-universal.jar > mixinextras-neoforge-0.5.4.jar))
 - neoforge (composite(filtered(jar(C:/Users/owent/.gradle/caches/modules-2/files-2.1/net.neoforged/neoforge/26.1.2.73/d58040da3199b79094602e379f5ee79d75d38312/neoforge-26.1.2.73-universal.jar))))
 - net.neoforged.fml.generated (empty(VirtualJar/net.neoforged.fml.generated))
[06Jun2026 15:33:43.550] [main/INFO] [net.neoforged.fml.loading.FMLLoader/]: Built game content classloader in 33ms
[06Jun2026 15:33:43.636] [main/INFO] [mixin/]: Compatibility level set to JAVA_25
[06Jun2026 15:33:45.525] [Datafixer Bootstrap/INFO] [com.mojang.datafixers.DataFixerBuilder/]: 294 Datafixer optimizations took 463 milliseconds
[06Jun2026 15:33:45.678] [pool-8-thread-1/INFO] [MixinExtras|Service/]: Initializing MixinExtras via com.llamalad7.mixinextras.service.MixinExtrasServiceImpl(version=0.5.4).
[06Jun2026 15:33:50.980] [main/WARN] [net.minecraft.commands.Commands/]: Ambiguity between arguments [teleport, location] and [teleport, destination] with inputs: [0.1 -0.5 .9, 0 0 0]
[06Jun2026 15:33:50.983] [main/WARN] [net.minecraft.commands.Commands/]: Ambiguity between arguments [teleport, location] and [teleport, targets] with inputs: [0.1 -0.5 .9, 0 0 0]
[06Jun2026 15:33:50.986] [main/WARN] [net.minecraft.commands.Commands/]: Ambiguity between arguments [teleport, destination] and [teleport, targets] with inputs: [Player, 0123, @e, dd12be42-52a9-4a91-a8a1-11c01849e498]
[06Jun2026 15:33:50.988] [main/WARN] [net.minecraft.commands.Commands/]: Ambiguity between arguments [teleport, targets] and [teleport, destination] with inputs: [Player, 0123, dd12be42-52a9-4a91-a8a1-11c01849e498]
[06Jun2026 15:33:50.990] [main/WARN] [net.minecraft.commands.Commands/]: Ambiguity between arguments [teleport, targets, location] and [teleport, targets, destination] with inputs: [0.1 -0.5 .9, 0 0 0]
[06Jun2026 15:33:50.993] [main/WARN] [net.minecraft.commands.Commands/]: Ambiguity between arguments [time, set, time] and [time, set, timemarker] with inputs: [0, 0s, 0d, 0t]
[06Jun2026 15:33:50.995] [main/WARN] [net.minecraft.commands.Commands/]: Ambiguity between arguments [time, set, timemarker] and [time, set, time] with inputs: [012]
[06Jun2026 15:33:50.997] [main/WARN] [net.minecraft.commands.Commands/]: Ambiguity between arguments [time, of, clock, set, time] and [time, of, clock, set, timemarker] with inputs: [0, 0s, 0d, 0t]
[06Jun2026 15:33:50.999] [main/WARN] [net.minecraft.commands.Commands/]: Ambiguity between arguments [time, of, clock, set, timemarker] and [time, of, clock, set, time] with inputs: [012]
[06Jun2026 15:33:51.001] [main/WARN] [net.minecraft.commands.Commands/]: Ambiguity between arguments [waypoint, modify, waypoint, color, reset] and [waypoint, modify, waypoint, color, color] with inputs: [reset]
[06Jun2026 15:33:51.083] [modloading-worker-0/INFO] [net.neoforged.neoforge.common.NeoForgeMod/NEOFORGE-MOD]: NeoForge mod loading, version 26.1.2.73, for MC 26.1.2
[06Jun2026 15:33:51.801] [Render thread/INFO] [com.mojang.authlib.yggdrasil.YggdrasilAuthenticationService/]: Environment: Environment[sessionHost=https://sessionserver.mojang.com, servicesHost=https://api.minecraftservices.com, profilesHost=https://api.mojang.com, name=PROD]
[06Jun2026 15:33:51.835] [Render thread/INFO] [net.minecraft.client.Minecraft/]: Setting user: Dev
[06Jun2026 15:33:52.002] [Render thread/INFO] [net.minecraft.client.Minecraft/]: Backend library: LWJGL version 3.4.1+2
[06Jun2026 15:33:52.278] [Render thread/INFO] [net.minecraft.client.Minecraft/]: Using optional rendering extensions: GL_ARB_buffer_storage, GL_KHR_debug, GL_ARB_vertex_attrib_binding, GL_ARB_direct_state_access, GL_EXT_texture_filter_anisotropic
[06Jun2026 15:33:53.382] [modloading-worker-0/INFO] [net.shadowlegacy.legacy.legacy/]: HELLO FROM CLIENT SETUP
[06Jun2026 15:33:53.382] [modloading-worker-0/INFO] [net.shadowlegacy.legacy.legacy/]: MINECRAFT NAME >> Dev
[06Jun2026 15:33:53.498] [Render thread/INFO] [net.minecraft.server.packs.resources.ReloadableResourceManager/]: Reloading ResourceManager: vanilla, mod_resources, mod/neoforge, mod/evolvedcore
[06Jun2026 15:33:54.167] [resourceLoad/INFO] [net.minecraft.client.gui.font.providers.UnihexProvider/]: Found unifont_all_no_pua-17.0.01.hex, loading
[06Jun2026 15:33:54.169] [resourceLoad/INFO] [net.minecraft.client.gui.font.providers.UnihexProvider/]: Found unifont_jp_patch-17.0.01.hex, loading
[06Jun2026 15:33:54.186] [resourceLoad/INFO] [net.minecraft.client.gui.font.providers.UnihexProvider/]: Found unifont_pua-17.0.01.hex, loading
[06Jun2026 15:33:55.986] [Render thread/INFO] [com.mojang.blaze3d.audio.Library/]: OpenAL initialized on device OpenAL Soft on Headphones (High Definition Audio Device)
[06Jun2026 15:33:55.990] [Render thread/INFO] [net.minecraft.client.sounds.SoundEngine/SOUNDS]: Sound engine started
[06Jun2026 15:33:55.990] [Render thread/INFO] [net.minecraft.client.renderer.texture.TextureAtlas/]: Created: 512x256x0 minecraft:textures/atlas/particles.png-atlas
[06Jun2026 15:33:56.005] [Render thread/INFO] [net.minecraft.client.renderer.texture.TextureAtlas/]: Created: 128x128x0 minecraft:textures/atlas/decorated_pot.png-atlas
[06Jun2026 15:33:56.008] [Render thread/INFO] [net.minecraft.client.renderer.texture.TextureAtlas/]: Created: 2048x1024x0 minecraft:textures/atlas/armor_trims.png-atlas
[06Jun2026 15:33:56.026] [Render thread/INFO] [net.minecraft.client.renderer.texture.TextureAtlas/]: Created: 512x256x0 minecraft:textures/atlas/paintings.png-atlas
[06Jun2026 15:33:56.028] [Render thread/INFO] [net.minecraft.client.renderer.texture.TextureAtlas/]: Created: 1024x512x0 minecraft:textures/atlas/shield_patterns.png-atlas
[06Jun2026 15:33:56.029] [Render thread/INFO] [net.minecraft.client.renderer.texture.TextureAtlas/]: Created: 2048x2048x4 minecraft:textures/atlas/blocks.png-atlas
[06Jun2026 15:33:56.088] [Render thread/INFO] [net.minecraft.client.renderer.texture.TextureAtlas/]: Created: 512x512x0 minecraft:textures/atlas/chest.png-atlas
[06Jun2026 15:33:56.089] [Render thread/INFO] [net.minecraft.client.renderer.texture.TextureAtlas/]: Created: 256x128x0 minecraft:textures/atlas/celestials.png-atlas
[06Jun2026 15:33:56.090] [Render thread/INFO] [net.minecraft.client.renderer.texture.TextureAtlas/]: Created: 1024x512x0 minecraft:textures/atlas/banner_patterns.png-atlas
[06Jun2026 15:33:56.096] [Render thread/INFO] [net.minecraft.client.renderer.texture.TextureAtlas/]: Created: 512x512x0 minecraft:textures/atlas/beds.png-atlas
[06Jun2026 15:33:56.102] [Render thread/INFO] [net.minecraft.client.renderer.texture.TextureAtlas/]: Created: 1024x512x0 minecraft:textures/atlas/items.png-atlas
[06Jun2026 15:33:56.146] [Render thread/INFO] [net.minecraft.client.renderer.texture.TextureAtlas/]: Created: 1024x1024x0 minecraft:textures/atlas/gui.png-atlas
[06Jun2026 15:33:56.191] [Render thread/INFO] [net.minecraft.client.renderer.texture.TextureAtlas/]: Created: 128x64x0 minecraft:textures/atlas/map_decorations.png-atlas
[06Jun2026 15:33:56.193] [Render thread/INFO] [net.minecraft.client.renderer.texture.TextureAtlas/]: Created: 512x256x0 minecraft:textures/atlas/signs.png-atlas
[06Jun2026 15:33:56.194] [Render thread/INFO] [net.minecraft.client.renderer.texture.TextureAtlas/]: Created: 512x512x0 minecraft:textures/atlas/shulker_boxes.png-atlas
[06Jun2026 15:33:56.348] [Render thread/INFO] [net.neoforged.neoforge.client.entity.animation.json.AnimationLoader/]: Loaded 0 entity animations
[06Jun2026 15:48:15.795] [Render thread/WARN] [net.minecraft.server.MinecraftServer/]: Missing data pack tests
[06Jun2026 15:48:16.759] [Render thread/INFO] [net.minecraft.world.item.crafting.RecipeManager/]: Loaded 1515 recipes
[06Jun2026 15:48:16.773] [Render thread/INFO] [net.minecraft.advancements.AdvancementTree/]: Loaded 1617 advancements
[06Jun2026 15:48:16.775] [Render thread/INFO] [net.neoforged.neoforge.common.crafting.RecipePriorityManager/]: Loaded 0 recipe priority overrides
[06Jun2026 15:59:09.620] [Render thread/INFO] [net.minecraft.client.Minecraft/]: Stopping!
